0 info it worked if it ends with ok
1 verbose cli [ '/usr/bin/node', '/usr/bin/npm', 'install', 'ws', '-g' ]
2 info using npm@3.5.2
3 info using node@v8.10.0
4 silly loadCurrentTree Starting
5 silly install loadCurrentTree
6 silly install readGlobalPackageData
7 silly fetchPackageMetaData ws
8 silly fetchNamedPackageData ws
9 silly mapToRegistry name ws
10 silly mapToRegistry using default registry
11 silly mapToRegistry registry https://registry.npmjs.org/
12 silly mapToRegistry uri https://registry.npmjs.org/ws
13 verbose request uri https://registry.npmjs.org/ws
14 verbose request no auth needed
15 info attempt registry request try #1 at 2:28:28 PM
16 verbose request id ec2678b75975a065
17 verbose etag W/"5fdb70a786c021222b3812db5ed90025"
18 verbose lastModified Sat, 17 Nov 2018 20:04:42 GMT
19 http request GET https://registry.npmjs.org/ws
20 http 304 https://registry.npmjs.org/ws
21 verbose headers { date: 'Wed, 26 Dec 2018 14:28:28 GMT',
21 verbose headers   connection: 'keep-alive',
21 verbose headers   'set-cookie':
21 verbose headers    [ '__cfduid=df7219b8070acc4ae99ca7a04a176c5921545834508; expires=Thu, 26-Dec-19 14:28:28 GMT; path=/; domain=.registry.npmjs.org; HttpOnly' ],
21 verbose headers   'cf-cache-status': 'HIT',
21 verbose headers   'cache-control': 'max-age=300',
21 verbose headers   'cf-ray': '48f43befcbc3a6ad-DUB',
21 verbose headers   etag: '"5fdb70a786c021222b3812db5ed90025"',
21 verbose headers   'expect-ct': 'max-age=604800, report-uri="https://report-uri.cloudflare.com/cdn-cgi/beacon/expect-ct"',
21 verbose headers   'last-modified': 'Sat, 17 Nov 2018 20:04:42 GMT',
21 verbose headers   vary: 'accept-encoding, accept',
21 verbose headers   'x-amz-meta-rev': '555-b65feb6001137a501789a3ce476bd863',
21 verbose headers   server: 'cloudflare' }
22 silly get cb [ 304,
22 silly get   { date: 'Wed, 26 Dec 2018 14:28:28 GMT',
22 silly get     connection: 'keep-alive',
22 silly get     'set-cookie':
22 silly get      [ '__cfduid=df7219b8070acc4ae99ca7a04a176c5921545834508; expires=Thu, 26-Dec-19 14:28:28 GMT; path=/; domain=.registry.npmjs.org; HttpOnly' ],
22 silly get     'cf-cache-status': 'HIT',
22 silly get     'cache-control': 'max-age=300',
22 silly get     'cf-ray': '48f43befcbc3a6ad-DUB',
22 silly get     etag: '"5fdb70a786c021222b3812db5ed90025"',
22 silly get     'expect-ct': 'max-age=604800, report-uri="https://report-uri.cloudflare.com/cdn-cgi/beacon/expect-ct"',
22 silly get     'last-modified': 'Sat, 17 Nov 2018 20:04:42 GMT',
22 silly get     vary: 'accept-encoding, accept',
22 silly get     'x-amz-meta-rev': '555-b65feb6001137a501789a3ce476bd863',
22 silly get     server: 'cloudflare' } ]
23 verbose etag https://registry.npmjs.org/ws from cache
24 verbose get saving ws to /home/ubuntu/.npm/registry.npmjs.org/ws/.cache.json
25 silly install normalizeTree
26 silly loadCurrentTree Finishing
27 silly loadIdealTree Starting
28 silly install loadIdealTree
29 silly cloneCurrentTree Starting
30 silly install cloneCurrentTreeToIdealTree
31 silly cloneCurrentTree Finishing
32 silly loadShrinkwrap Starting
33 silly install loadShrinkwrap
34 silly loadShrinkwrap Finishing
35 silly loadAllDepsIntoIdealTree Starting
36 silly install loadAllDepsIntoIdealTree
37 silly resolveWithNewModule ws@6.1.2 checking installable status
38 silly cache add args [ 'ws', null ]
39 verbose cache add spec ws
40 silly cache add parsed spec Result {
40 silly cache add   raw: 'ws',
40 silly cache add   scope: null,
40 silly cache add   name: 'ws',
40 silly cache add   rawSpec: '',
40 silly cache add   spec: 'latest',
40 silly cache add   type: 'tag' }
41 silly addNamed ws@latest
42 verbose addNamed "latest" is being treated as a dist-tag for ws
43 info addNameTag [ 'ws', 'latest' ]
44 silly mapToRegistry name ws
45 silly mapToRegistry using default registry
46 silly mapToRegistry registry https://registry.npmjs.org/
47 silly mapToRegistry uri https://registry.npmjs.org/ws
48 verbose addNameTag registry:https://registry.npmjs.org/ws not in flight; fetching
49 verbose get https://registry.npmjs.org/ws not expired, no request
50 silly addNameTag next cb for ws with tag latest
51 silly addNamed ws@6.1.2
52 verbose addNamed "6.1.2" is a plain semver version for ws
53 silly cache afterAdd ws@6.1.2
54 verbose afterAdd /home/ubuntu/.npm/ws/6.1.2/package/package.json not in flight; writing
55 verbose afterAdd /home/ubuntu/.npm/ws/6.1.2/package/package.json written
56 silly fetchNamedPackageData async-limiter
57 silly mapToRegistry name async-limiter
58 silly mapToRegistry using default registry
59 silly mapToRegistry registry https://registry.npmjs.org/
60 silly mapToRegistry uri https://registry.npmjs.org/async-limiter
61 verbose request uri https://registry.npmjs.org/async-limiter
62 verbose request no auth needed
63 info attempt registry request try #1 at 2:28:28 PM
64 verbose etag W/"bce287b015bc1f2b0ac4196c1d082add"
65 verbose lastModified Sat, 26 May 2018 17:30:41 GMT
66 http request GET https://registry.npmjs.org/async-limiter
67 http 304 https://registry.npmjs.org/async-limiter
68 verbose headers { date: 'Wed, 26 Dec 2018 14:28:28 GMT',
68 verbose headers   connection: 'keep-alive',
68 verbose headers   'set-cookie':
68 verbose headers    [ '__cfduid=df7219b8070acc4ae99ca7a04a176c5921545834508; expires=Thu, 26-Dec-19 14:28:28 GMT; path=/; domain=.registry.npmjs.org; HttpOnly' ],
68 verbose headers   'cf-cache-status': 'HIT',
68 verbose headers   'cache-control': 'max-age=300',
68 verbose headers   'cf-ray': '48f43bf04c00a6ad-DUB',
68 verbose headers   etag: '"bce287b015bc1f2b0ac4196c1d082add"',
68 verbose headers   'expect-ct': 'max-age=604800, report-uri="https://report-uri.cloudflare.com/cdn-cgi/beacon/expect-ct"',
68 verbose headers   'last-modified': 'Sat, 26 May 2018 17:30:41 GMT',
68 verbose headers   vary: 'accept-encoding, accept',
68 verbose headers   server: 'cloudflare' }
69 silly get cb [ 304,
69 silly get   { date: 'Wed, 26 Dec 2018 14:28:28 GMT',
69 silly get     connection: 'keep-alive',
69 silly get     'set-cookie':
69 silly get      [ '__cfduid=df7219b8070acc4ae99ca7a04a176c5921545834508; expires=Thu, 26-Dec-19 14:28:28 GMT; path=/; domain=.registry.npmjs.org; HttpOnly' ],
69 silly get     'cf-cache-status': 'HIT',
69 silly get     'cache-control': 'max-age=300',
69 silly get     'cf-ray': '48f43bf04c00a6ad-DUB',
69 silly get     etag: '"bce287b015bc1f2b0ac4196c1d082add"',
69 silly get     'expect-ct': 'max-age=604800, report-uri="https://report-uri.cloudflare.com/cdn-cgi/beacon/expect-ct"',
69 silly get     'last-modified': 'Sat, 26 May 2018 17:30:41 GMT',
69 silly get     vary: 'accept-encoding, accept',
69 silly get     server: 'cloudflare' } ]
70 verbose etag https://registry.npmjs.org/async-limiter from cache
71 verbose get saving async-limiter to /home/ubuntu/.npm/registry.npmjs.org/async-limiter/.cache.json
72 silly resolveWithNewModule async-limiter@1.0.0 checking installable status
73 silly cache add args [ 'async-limiter@~1.0.0', null ]
74 verbose cache add spec async-limiter@~1.0.0
75 silly cache add parsed spec Result {
75 silly cache add   raw: 'async-limiter@~1.0.0',
75 silly cache add   scope: null,
75 silly cache add   name: 'async-limiter',
75 silly cache add   rawSpec: '~1.0.0',
75 silly cache add   spec: '>=1.0.0 <1.1.0',
75 silly cache add   type: 'range' }
76 silly addNamed async-limiter@>=1.0.0 <1.1.0
77 verbose addNamed ">=1.0.0 <1.1.0" is a valid semver range for async-limiter
78 silly addNameRange { name: 'async-limiter',
78 silly addNameRange   range: '>=1.0.0 <1.1.0',
78 silly addNameRange   hasData: false }
79 silly mapToRegistry name async-limiter
80 silly mapToRegistry using default registry
81 silly mapToRegistry registry https://registry.npmjs.org/
82 silly mapToRegistry uri https://registry.npmjs.org/async-limiter
83 verbose addNameRange registry:https://registry.npmjs.org/async-limiter not in flight; fetching
84 verbose get https://registry.npmjs.org/async-limiter not expired, no request
85 silly addNameRange number 2 { name: 'async-limiter', range: '>=1.0.0 <1.1.0', hasData: true }
86 silly addNameRange versions [ 'async-limiter', [ '1.0.0' ] ]
87 silly addNamed async-limiter@1.0.0
88 verbose addNamed "1.0.0" is a plain semver version for async-limiter
89 silly cache afterAdd async-limiter@1.0.0
90 verbose afterAdd /home/ubuntu/.npm/async-limiter/1.0.0/package/package.json not in flight; writing
91 verbose afterAdd /home/ubuntu/.npm/async-limiter/1.0.0/package/package.json written
92 silly loadAllDepsIntoIdealTree Finishing
93 silly idealTree:prePrune lib
93 silly idealTree:prePrune └─┬ ws@6.1.2
93 silly idealTree:prePrune   └── async-limiter@1.0.0
94 silly loadIdealTree Finishing
95 silly currentTree lib
96 silly idealTree lib
96 silly idealTree └─┬ ws@6.1.2
96 silly idealTree   └── async-limiter@1.0.0
97 silly generateActionsToTake Starting
98 silly install generateActionsToTake
99 warn checkPermissions Missing write access to /usr/local/lib
100 silly rollbackFailedOptional Starting
101 silly rollbackFailedOptional Finishing
102 silly runTopLevelLifecycles Starting
103 silly runTopLevelLifecycles Finishing
104 silly install printInstalled
105 verbose stack Error: EACCES: permission denied, access '/usr/local/lib'
106 verbose cwd /home/ubuntu/www/tino/server
107 error Linux 4.15.0-1031-aws
108 error argv "/usr/bin/node" "/usr/bin/npm" "install" "ws" "-g"
109 error node v8.10.0
110 error npm  v3.5.2
111 error path /usr/local/lib
112 error code EACCES
113 error errno -13
114 error syscall access
115 error Error: EACCES: permission denied, access '/usr/local/lib'
115 error  { Error: EACCES: permission denied, access '/usr/local/lib'
115 error   errno: -13,
115 error   code: 'EACCES',
115 error   syscall: 'access',
115 error   path: '/usr/local/lib' }
116 error Please try running this command again as root/Administrator.
117 verbose exit [ -13, true ]
